c:\users\nick coyle\documents\education\c++uw\uw c++\c++ advanced\assignment4\debug\vc141.pdb
c:\users\nick coyle\documents\education\c++uw\uw c++\c++ advanced\assignment4\debug\vc141.idb
c:\users\nick coyle\documents\education\c++uw\uw c++\c++ advanced\assignment4\debug\testresult.obj
c:\users\nick coyle\documents\education\c++uw\uw c++\c++ advanced\assignment4\debug\testregistry.obj
c:\users\nick coyle\documents\education\c++uw\uw c++\c++ advanced\assignment4\debug\test.obj
c:\users\nick coyle\documents\education\c++uw\uw c++\c++ advanced\assignment4\debug\main.obj
c:\users\nick coyle\documents\education\c++uw\uw c++\c++ advanced\assignment4\debug\failure.obj
c:\users\nick coyle\documents\education\c++uw\uw c++\c++ advanced\assignment4\debug\windowsbitmapheadertest.obj
c:\users\nick coyle\documents\education\c++uw\uw c++\c++ advanced\assignment4\debug\windowsbitmapheader.obj
c:\users\nick coyle\documents\education\c++uw\uw c++\c++ advanced\assignment4\debug\verifyequalitytest.obj
c:\users\nick coyle\documents\education\c++uw\uw c++\c++ advanced\assignment4\debug\mywindowsbitmapheadertest.obj
c:\users\nick coyle\documents\education\c++uw\uw c++\c++ advanced\assignment4\debug\color.obj
c:\users\nick\documents\education\c++uw\uw c++\c++ advanced\assignment4\debug\vc141.pdb
c:\users\nick\documents\education\c++uw\uw c++\c++ advanced\assignment4\debug\vc141.idb
c:\users\nick\documents\education\c++uw\uw c++\c++ advanced\assignment4\debug\windowsbitmapheadertest.obj
c:\users\nick\documents\education\c++uw\uw c++\c++ advanced\assignment4\debug\windowsbitmapheader.obj
c:\users\nick\documents\education\c++uw\uw c++\c++ advanced\assignment4\debug\verifyequalitytest.obj
c:\users\nick\documents\education\c++uw\uw c++\c++ advanced\assignment4\debug\testresult.obj
c:\users\nick\documents\education\c++uw\uw c++\c++ advanced\assignment4\debug\testregistry.obj
c:\users\nick\documents\education\c++uw\uw c++\c++ advanced\assignment4\debug\test.obj
c:\users\nick\documents\education\c++uw\uw c++\c++ advanced\assignment4\debug\mywindowsbitmapheadertest.obj
c:\users\nick\documents\education\c++uw\uw c++\c++ advanced\assignment4\debug\main.obj
c:\users\nick\documents\education\c++uw\uw c++\c++ advanced\assignment4\debug\failure.obj
c:\users\nick\documents\education\c++uw\uw c++\c++ advanced\assignment4\debug\color.obj
c:\users\nick\documents\education\c++uw\uw c++\c++ advanced\assignment4\debug\ranged_numbertest.obj
c:\users\nick\documents\education\c++uw\uw c++\c++ advanced\assignment4\debug\bitmapencodedecodetests.obj
c:\users\nick\documents\education\c++uw\uw c++\c++ advanced\assignment4\debug\myranged_numbertest.obj
c:\users\nick\documents\education\c++uw\uw c++\c++ advanced\assignment4\debug\codeclibrary.obj
c:\users\nick\documents\education\c++uw\uw c++\c++ advanced\assignment4\debug\bitmapiterator.obj
c:\users\nick\documents\education\c++uw\uw c++\c++ advanced\assignment4\debug\bitmap.obj
c:\users\nick\documents\education\c++uw\uw c++\c++ advanced\assignment4\debug\windowsbitmapencoder.obj
c:\users\nick\documents\education\c++uw\uw c++\c++ advanced\assignment4\debug\windowsbitmapdecoder.obj
c:\users\nick\documents\education\c++uw\uw c++\c++ advanced\assignment4\debug\mybitmapencodedecodetests.obj
c:\users\nick coyle\documents\education\c++uw\uw c++\c++ advanced\assignment4\debug\bitmap.obj
c:\users\nick coyle\documents\education\c++uw\uw c++\c++ advanced\assignment4\debug\bitmapencodedecodetests.obj
c:\users\nick coyle\documents\education\c++uw\uw c++\c++ advanced\assignment4\debug\bitmapiterator.obj
c:\users\nick coyle\documents\education\c++uw\uw c++\c++ advanced\assignment4\debug\codeclibrary.obj
c:\users\nick coyle\documents\education\c++uw\uw c++\c++ advanced\assignment4\debug\mybitmapencodedecodetests.obj
c:\users\nick coyle\documents\education\c++uw\uw c++\c++ advanced\assignment4\debug\myranged_numbertest.obj
c:\users\nick coyle\documents\education\c++uw\uw c++\c++ advanced\assignment4\debug\ranged_numbertest.obj
c:\users\nick coyle\documents\education\c++uw\uw c++\c++ advanced\assignment4\debug\windowsbitmapdecoder.obj
c:\users\nick coyle\documents\education\c++uw\uw c++\c++ advanced\assignment4\debug\windowsbitmapencoder.obj
c:\users\nick coyle\documents\education\c++uw\uw c++\c++ advanced\assignment4\debug\assignment4.tlog\cl.command.1.tlog
c:\users\nick coyle\documents\education\c++uw\uw c++\c++ advanced\assignment4\debug\assignment4.tlog\cl.read.1.tlog
c:\users\nick coyle\documents\education\c++uw\uw c++\c++ advanced\assignment4\debug\assignment4.tlog\cl.write.1.tlog
